---------- Date: 2022-06-06 14:50:42 ~ IP : ::1 ----------
REQUEST URI : /logic-invoice/upload/admin/index.php?load=billing/invoice/form&token=6ff26e81baa281e13fc95dd3b64d50d3
VQMod::_getMods - NO XML FILES READABLE IN XML FOLDER
----------------------------------------------------------------------


---------- Date: 2022-06-06 14:50:54 ~ IP : ::1 ----------
REQUEST URI : /logic-invoice/upload/admin/index.php?load=billing/invoice/validate_step_1&token=6ff26e81baa281e13fc95dd3b64d50d3
VQMod::_getMods - NO XML FILES READABLE IN XML FOLDER
----------------------------------------------------------------------


---------- Date: 2022-06-06 14:50:57 ~ IP : ::1 ----------
REQUEST URI : /logic-invoice/upload/admin/index.php?load=billing/invoice/validate_step_1&token=6ff26e81baa281e13fc95dd3b64d50d3
VQMod::_getMods - NO XML FILES READABLE IN XML FOLDER
----------------------------------------------------------------------


---------- Date: 2022-06-06 14:51:13 ~ IP : ::1 ----------
REQUEST URI : /logic-invoice/upload/admin/index.php?load=accounting/currency/currency&token=6ff26e81baa281e13fc95dd3b64d50d3&code=SGD
VQMod::_getMods - NO XML FILES READABLE IN XML FOLDER
----------------------------------------------------------------------


---------- Date: 2022-06-06 14:51:14 ~ IP : ::1 ----------
REQUEST URI : /logic-invoice/upload/admin/index.php?load=billing/invoice/validate_step_3&token=6ff26e81baa281e13fc95dd3b64d50d3
VQMod::_getMods - NO XML FILES READABLE IN XML FOLDER
----------------------------------------------------------------------


---------- Date: 2022-06-06 14:51:16 ~ IP : ::1 ----------
REQUEST URI : /logic-invoice/upload/admin/index.php?load=billing/invoice/validate_step_4&token=6ff26e81baa281e13fc95dd3b64d50d3
VQMod::_getMods - NO XML FILES READABLE IN XML FOLDER
----------------------------------------------------------------------


---------- Date: 2022-06-06 14:51:23 ~ IP : ::1 ----------
REQUEST URI : /logic-invoice/upload/admin/index.php?load=accounting/inventory/autocomplete&token=6ff26e81baa281e13fc95dd3b64d50d3&filter_name=ssf
VQMod::_getMods - NO XML FILES READABLE IN XML FOLDER
----------------------------------------------------------------------


---------- Date: 2022-06-06 14:51:35 ~ IP : ::1 ----------
REQUEST URI : /logic-invoice/upload/admin/index.php?load=billing/invoice/validate_step_4&token=6ff26e81baa281e13fc95dd3b64d50d3
VQMod::_getMods - NO XML FILES READABLE IN XML FOLDER
----------------------------------------------------------------------


---------- Date: 2022-06-06 14:51:37 ~ IP : ::1 ----------
REQUEST URI : /logic-invoice/upload/admin/index.php?load=billing/invoice/form&token=6ff26e81baa281e13fc95dd3b64d50d3
VQMod::_getMods - NO XML FILES READABLE IN XML FOLDER
----------------------------------------------------------------------


---------- Date: 2022-06-06 14:51:37 ~ IP : ::1 ----------
REQUEST URI : /logic-invoice/upload/admin/index.php?load=billing/invoice&token=6ff26e81baa281e13fc95dd3b64d50d3
VQMod::_getMods - NO XML FILES READABLE IN XML FOLDER
----------------------------------------------------------------------


---------- Date: 2022-06-06 14:51:40 ~ IP : ::1 ----------
REQUEST URI : /logic-invoice/upload/admin/index.php?load=billing/invoice/invoice&token=6ff26e81baa281e13fc95dd3b64d50d3&invoice_id=1
VQMod::_getMods - NO XML FILES READABLE IN XML FOLDER
----------------------------------------------------------------------


---------- Date: 2022-06-06 14:51:56 ~ IP : ::1 ----------
REQUEST URI : /logic-invoice/upload/admin/index.php?load=accounting/inventory&token=6ff26e81baa281e13fc95dd3b64d50d3
VQMod::_getMods - NO XML FILES READABLE IN XML FOLDER
----------------------------------------------------------------------


---------- Date: 2022-06-06 14:51:59 ~ IP : ::1 ----------
REQUEST URI : /logic-invoice/upload/admin/index.php?load=accounting/inventory/form&token=6ff26e81baa281e13fc95dd3b64d50d3
VQMod::_getMods - NO XML FILES READABLE IN XML FOLDER
----------------------------------------------------------------------


---------- Date: 2022-06-06 14:52:22 ~ IP : ::1 ----------
REQUEST URI : /logic-invoice/upload/admin/index.php?load=accounting/inventory/form&token=6ff26e81baa281e13fc95dd3b64d50d3
VQMod::_getMods - NO XML FILES READABLE IN XML FOLDER
----------------------------------------------------------------------


---------- Date: 2022-06-06 14:52:22 ~ IP : ::1 ----------
REQUEST URI : /logic-invoice/upload/admin/index.php?load=accounting/inventory&token=6ff26e81baa281e13fc95dd3b64d50d3
VQMod::_getMods - NO XML FILES READABLE IN XML FOLDER
----------------------------------------------------------------------


---------- Date: 2022-06-06 14:52:26 ~ IP : ::1 ----------
REQUEST URI : /logic-invoice/upload/admin/index.php?load=billing/invoice&token=6ff26e81baa281e13fc95dd3b64d50d3
VQMod::_getMods - NO XML FILES READABLE IN XML FOLDER
----------------------------------------------------------------------


---------- Date: 2022-06-06 14:52:30 ~ IP : ::1 ----------
REQUEST URI : /logic-invoice/upload/admin/index.php?load=billing/invoice/form&token=6ff26e81baa281e13fc95dd3b64d50d3&invoice_id=1
VQMod::_getMods - NO XML FILES READABLE IN XML FOLDER
----------------------------------------------------------------------


---------- Date: 2022-06-06 14:52:32 ~ IP : ::1 ----------
REQUEST URI : /logic-invoice/upload/admin/index.php?load=billing/invoice&token=6ff26e81baa281e13fc95dd3b64d50d3
VQMod::_getMods - NO XML FILES READABLE IN XML FOLDER
----------------------------------------------------------------------


---------- Date: 2022-06-06 14:52:43 ~ IP : ::1 ----------
REQUEST URI : /logic-invoice/upload/admin/index.php?load=accounting/inventory&token=6ff26e81baa281e13fc95dd3b64d50d3
VQMod::_getMods - NO XML FILES READABLE IN XML FOLDER
----------------------------------------------------------------------


---------- Date: 2022-06-06 14:52:48 ~ IP : ::1 ----------
REQUEST URI : /logic-invoice/upload/admin/index.php?load=accounting/inventory&token=6ff26e81baa281e13fc95dd3b64d50d3&filter_quantity=1
VQMod::_getMods - NO XML FILES READABLE IN XML FOLDER
----------------------------------------------------------------------


---------- Date: 2022-06-06 14:52:56 ~ IP : ::1 ----------
REQUEST URI : /logic-invoice/upload/admin/index.php?load=accounting/inventory&token=6ff26e81baa281e13fc95dd3b64d50d3
VQMod::_getMods - NO XML FILES READABLE IN XML FOLDER
----------------------------------------------------------------------


---------- Date: 2022-06-06 14:52:59 ~ IP : ::1 ----------
REQUEST URI : /logic-invoice/upload/admin/index.php?load=accounting/inventory/form&token=6ff26e81baa281e13fc95dd3b64d50d3&inventory_id=1
VQMod::_getMods - NO XML FILES READABLE IN XML FOLDER
----------------------------------------------------------------------


---------- Date: 2022-06-06 14:53:05 ~ IP : ::1 ----------
REQUEST URI : /logic-invoice/upload/admin/index.php?load=billing/invoice&token=6ff26e81baa281e13fc95dd3b64d50d3
VQMod::_getMods - NO XML FILES READABLE IN XML FOLDER
----------------------------------------------------------------------


---------- Date: 2022-06-06 14:53:08 ~ IP : ::1 ----------
REQUEST URI : /logic-invoice/upload/admin/index.php?load=billing/invoice/form&token=6ff26e81baa281e13fc95dd3b64d50d3&invoice_id=1
VQMod::_getMods - NO XML FILES READABLE IN XML FOLDER
----------------------------------------------------------------------


---------- Date: 2022-06-06 14:53:12 ~ IP : ::1 ----------
REQUEST URI : /logic-invoice/upload/admin/index.php?load=billing/invoice/validate_step_1&token=6ff26e81baa281e13fc95dd3b64d50d3
VQMod::_getMods - NO XML FILES READABLE IN XML FOLDER
----------------------------------------------------------------------


---------- Date: 2022-06-06 14:53:14 ~ IP : ::1 ----------
REQUEST URI : /logic-invoice/upload/admin/index.php?load=billing/invoice/validate_step_3&token=6ff26e81baa281e13fc95dd3b64d50d3
VQMod::_getMods - NO XML FILES READABLE IN XML FOLDER
----------------------------------------------------------------------


---------- Date: 2022-06-06 14:53:19 ~ IP : ::1 ----------
REQUEST URI : /logic-invoice/upload/admin/index.php?load=accounting/inventory/autocomplete&token=6ff26e81baa281e13fc95dd3b64d50d3&filter_name=L
VQMod::_getMods - NO XML FILES READABLE IN XML FOLDER
----------------------------------------------------------------------


---------- Date: 2022-06-06 14:53:20 ~ IP : ::1 ----------
REQUEST URI : /logic-invoice/upload/admin/index.php?load=accounting/inventory/autocomplete&token=6ff26e81baa281e13fc95dd3b64d50d3&filter_name=LE
VQMod::_getMods - NO XML FILES READABLE IN XML FOLDER
----------------------------------------------------------------------


---------- Date: 2022-06-06 14:53:30 ~ IP : ::1 ----------
REQUEST URI : /logic-invoice/upload/admin/index.php?load=billing/invoice/validate_step_4&token=6ff26e81baa281e13fc95dd3b64d50d3
VQMod::_getMods - NO XML FILES READABLE IN XML FOLDER
----------------------------------------------------------------------


---------- Date: 2022-06-06 14:53:33 ~ IP : ::1 ----------
REQUEST URI : /logic-invoice/upload/admin/index.php?load=billing/invoice/form&token=6ff26e81baa281e13fc95dd3b64d50d3&invoice_id=1
VQMod::_getMods - NO XML FILES READABLE IN XML FOLDER
----------------------------------------------------------------------


---------- Date: 2022-06-06 14:53:33 ~ IP : ::1 ----------
REQUEST URI : /logic-invoice/upload/admin/index.php?load=billing/invoice&token=6ff26e81baa281e13fc95dd3b64d50d3&invoice_id=1
VQMod::_getMods - NO XML FILES READABLE IN XML FOLDER
----------------------------------------------------------------------


---------- Date: 2022-06-06 14:53:37 ~ IP : ::1 ----------
REQUEST URI : /logic-invoice/upload/admin/index.php?load=accounting/inventory&token=6ff26e81baa281e13fc95dd3b64d50d3
VQMod::_getMods - NO XML FILES READABLE IN XML FOLDER
----------------------------------------------------------------------


---------- Date: 2022-06-06 14:53:46 ~ IP : ::1 ----------
REQUEST URI : /logic-invoice/upload/admin/index.php?load=accounting/inventory&token=6ff26e81baa281e13fc95dd3b64d50d3
VQMod::_getMods - NO XML FILES READABLE IN XML FOLDER
----------------------------------------------------------------------


---------- Date: 2022-06-06 14:53:56 ~ IP : ::1 ----------
REQUEST URI : /logic-invoice/upload/admin/index.php?load=accounting/inventory/form&token=6ff26e81baa281e13fc95dd3b64d50d3&inventory_id=1
VQMod::_getMods - NO XML FILES READABLE IN XML FOLDER
----------------------------------------------------------------------


---------- Date: 2022-06-06 14:53:59 ~ IP : ::1 ----------
REQUEST URI : /logic-invoice/upload/admin/index.php?load=accounting/inventory&token=6ff26e81baa281e13fc95dd3b64d50d3
VQMod::_getMods - NO XML FILES READABLE IN XML FOLDER
----------------------------------------------------------------------


---------- Date: 2022-06-06 14:54:16 ~ IP : ::1 ----------
REQUEST URI : /logic-invoice/upload/admin/index.php?load=report/chart_of_accounts&token=6ff26e81baa281e13fc95dd3b64d50d3
VQMod::_getMods - NO XML FILES READABLE IN XML FOLDER
----------------------------------------------------------------------


---------- Date: 2022-06-06 14:54:25 ~ IP : ::1 ----------
REQUEST URI : /logic-invoice/upload/admin/index.php?load=system/error&token=6ff26e81baa281e13fc95dd3b64d50d3
VQMod::_getMods - NO XML FILES READABLE IN XML FOLDER
----------------------------------------------------------------------


---------- Date: 2022-06-06 14:54:28 ~ IP : ::1 ----------
REQUEST URI : /logic-invoice/upload/admin/index.php?load=common/dashboard&token=6ff26e81baa281e13fc95dd3b64d50d3
VQMod::_getMods - NO XML FILES READABLE IN XML FOLDER
----------------------------------------------------------------------


---------- Date: 2022-06-06 14:54:36 ~ IP : ::1 ----------
REQUEST URI : /logic-invoice/upload/admin/index.php?load=billing/invoice&token=6ff26e81baa281e13fc95dd3b64d50d3
VQMod::_getMods - NO XML FILES READABLE IN XML FOLDER
----------------------------------------------------------------------


---------- Date: 2022-06-06 14:54:39 ~ IP : ::1 ----------
REQUEST URI : /logic-invoice/upload/admin/index.php?load=billing/invoice/form&token=6ff26e81baa281e13fc95dd3b64d50d3
VQMod::_getMods - NO XML FILES READABLE IN XML FOLDER
----------------------------------------------------------------------


---------- Date: 2022-06-06 14:54:41 ~ IP : ::1 ----------
REQUEST URI : /logic-invoice/upload/admin/index.php?load=common/dashboard&token=6ff26e81baa281e13fc95dd3b64d50d3
VQMod::_getMods - NO XML FILES READABLE IN XML FOLDER
----------------------------------------------------------------------


---------- Date: 2022-06-06 14:54:42 ~ IP : ::1 ----------
REQUEST URI : /logic-invoice/upload/admin/index.php?load=billing/invoice/form&token=6ff26e81baa281e13fc95dd3b64d50d3
VQMod::_getMods - NO XML FILES READABLE IN XML FOLDER
----------------------------------------------------------------------


---------- Date: 2022-06-06 14:54:45 ~ IP : ::1 ----------
REQUEST URI : /logic-invoice/upload/admin/index.php?load=billing/invoice&token=6ff26e81baa281e13fc95dd3b64d50d3
VQMod::_getMods - NO XML FILES READABLE IN XML FOLDER
----------------------------------------------------------------------


---------- Date: 2022-06-06 14:54:49 ~ IP : ::1 ----------
REQUEST URI : /logic-invoice/upload/admin/index.php?load=billing/invoice/transaction&token=6ff26e81baa281e13fc95dd3b64d50d3
VQMod::_getMods - NO XML FILES READABLE IN XML FOLDER
----------------------------------------------------------------------


---------- Date: 2022-06-06 14:54:56 ~ IP : ::1 ----------
REQUEST URI : /logic-invoice/upload/admin/index.php?load=billing/invoice/form&token=6ff26e81baa281e13fc95dd3b64d50d3&invoice_id=1
VQMod::_getMods - NO XML FILES READABLE IN XML FOLDER
----------------------------------------------------------------------


---------- Date: 2022-06-06 14:55:00 ~ IP : ::1 ----------
REQUEST URI : /logic-invoice/upload/admin/index.php?load=billing/invoice/form&token=6ff26e81baa281e13fc95dd3b64d50d3&invoice_id=1
VQMod::_getMods - NO XML FILES READABLE IN XML FOLDER
----------------------------------------------------------------------


---------- Date: 2022-06-06 14:55:02 ~ IP : ::1 ----------
REQUEST URI : /logic-invoice/upload/admin/index.php?load=billing/invoice&token=6ff26e81baa281e13fc95dd3b64d50d3&invoice_id=1
VQMod::_getMods - NO XML FILES READABLE IN XML FOLDER
----------------------------------------------------------------------


---------- Date: 2022-06-06 14:55:27 ~ IP : ::1 ----------
REQUEST URI : /logic-invoice/upload/admin/index.php?load=billing/invoice/form&token=6ff26e81baa281e13fc95dd3b64d50d3
VQMod::_getMods - NO XML FILES READABLE IN XML FOLDER
----------------------------------------------------------------------


---------- Date: 2022-06-06 14:55:31 ~ IP : ::1 ----------
REQUEST URI : /logic-invoice/upload/admin/index.php?load=billing/customer/autocomplete&token=6ff26e81baa281e13fc95dd3b64d50d3&filter_name=AS
VQMod::_getMods - NO XML FILES READABLE IN XML FOLDER
----------------------------------------------------------------------


---------- Date: 2022-06-06 14:55:37 ~ IP : ::1 ----------
REQUEST URI : /logic-invoice/upload/admin/index.php?load=billing/invoice/validate_step_1&token=6ff26e81baa281e13fc95dd3b64d50d3
VQMod::_getMods - NO XML FILES READABLE IN XML FOLDER
----------------------------------------------------------------------


---------- Date: 2022-06-06 14:55:43 ~ IP : ::1 ----------
REQUEST URI : /logic-invoice/upload/admin/index.php?load=billing/invoice/validate_step_1&token=6ff26e81baa281e13fc95dd3b64d50d3
VQMod::_getMods - NO XML FILES READABLE IN XML FOLDER
----------------------------------------------------------------------


---------- Date: 2022-06-06 14:55:52 ~ IP : ::1 ----------
REQUEST URI : /logic-invoice/upload/admin/index.php?load=billing/invoice/validate_step_3&token=6ff26e81baa281e13fc95dd3b64d50d3
VQMod::_getMods - NO XML FILES READABLE IN XML FOLDER
----------------------------------------------------------------------


---------- Date: 2022-06-06 14:55:57 ~ IP : ::1 ----------
REQUEST URI : /logic-invoice/upload/admin/index.php?load=billing/invoice/validate_step_3&token=6ff26e81baa281e13fc95dd3b64d50d3
VQMod::_getMods - NO XML FILES READABLE IN XML FOLDER
----------------------------------------------------------------------


---------- Date: 2022-06-06 14:55:59 ~ IP : ::1 ----------
REQUEST URI : /logic-invoice/upload/admin/index.php?load=billing/invoice/validate_step_4&token=6ff26e81baa281e13fc95dd3b64d50d3
VQMod::_getMods - NO XML FILES READABLE IN XML FOLDER
----------------------------------------------------------------------


---------- Date: 2022-06-06 14:56:05 ~ IP : ::1 ----------
REQUEST URI : /logic-invoice/upload/admin/index.php?load=accounting/inventory/autocomplete&token=6ff26e81baa281e13fc95dd3b64d50d3&filter_name=LEX
VQMod::_getMods - NO XML FILES READABLE IN XML FOLDER
----------------------------------------------------------------------


---------- Date: 2022-06-06 14:56:08 ~ IP : ::1 ----------
REQUEST URI : /logic-invoice/upload/admin/index.php?load=billing/invoice/validate_step_4&token=6ff26e81baa281e13fc95dd3b64d50d3
VQMod::_getMods - NO XML FILES READABLE IN XML FOLDER
----------------------------------------------------------------------


---------- Date: 2022-06-06 14:56:11 ~ IP : ::1 ----------
REQUEST URI : /logic-invoice/upload/admin/index.php?load=billing/invoice/form&token=6ff26e81baa281e13fc95dd3b64d50d3
VQMod::_getMods - NO XML FILES READABLE IN XML FOLDER
----------------------------------------------------------------------


---------- Date: 2022-06-06 14:56:11 ~ IP : ::1 ----------
REQUEST URI : /logic-invoice/upload/admin/index.php?load=billing/invoice&token=6ff26e81baa281e13fc95dd3b64d50d3
VQMod::_getMods - NO XML FILES READABLE IN XML FOLDER
----------------------------------------------------------------------


---------- Date: 2022-06-06 14:56:16 ~ IP : ::1 ----------
REQUEST URI : /logic-invoice/upload/admin/index.php?load=billing/invoice/transaction&token=6ff26e81baa281e13fc95dd3b64d50d3
VQMod::_getMods - NO XML FILES READABLE IN XML FOLDER
----------------------------------------------------------------------


---------- Date: 2022-06-06 14:56:16 ~ IP : ::1 ----------
REQUEST URI : /logic-invoice/upload/admin/index.php?load=billing/invoice&token=6ff26e81baa281e13fc95dd3b64d50d3
VQMod::_getMods - NO XML FILES READABLE IN XML FOLDER
----------------------------------------------------------------------


---------- Date: 2022-06-06 14:56:23 ~ IP : ::1 ----------
REQUEST URI : /logic-invoice/upload/admin/index.php?load=billing/invoice/form&token=6ff26e81baa281e13fc95dd3b64d50d3&invoice_id=1
VQMod::_getMods - NO XML FILES READABLE IN XML FOLDER
----------------------------------------------------------------------


---------- Date: 2022-06-06 14:56:33 ~ IP : ::1 ----------
REQUEST URI : /logic-invoice/upload/admin/index.php?load=billing/recurring&token=6ff26e81baa281e13fc95dd3b64d50d3
VQMod::_getMods - NO XML FILES READABLE IN XML FOLDER
----------------------------------------------------------------------


---------- Date: 2022-06-06 14:56:38 ~ IP : ::1 ----------
REQUEST URI : /logic-invoice/upload/admin/index.php?load=accounting/account&token=6ff26e81baa281e13fc95dd3b64d50d3
VQMod::_getMods - NO XML FILES READABLE IN XML FOLDER
----------------------------------------------------------------------


---------- Date: 2022-06-06 14:56:43 ~ IP : ::1 ----------
REQUEST URI : /logic-invoice/upload/admin/index.php?load=accounting/inventory&token=6ff26e81baa281e13fc95dd3b64d50d3
VQMod::_getMods - NO XML FILES READABLE IN XML FOLDER
----------------------------------------------------------------------


---------- Date: 2022-06-06 14:56:53 ~ IP : ::1 ----------
REQUEST URI : /logic-invoice/upload/admin/index.php?load=accounting/inventory&token=6ff26e81baa281e13fc95dd3b64d50d3
VQMod::_getMods - NO XML FILES READABLE IN XML FOLDER
----------------------------------------------------------------------


---------- Date: 2022-06-06 14:56:57 ~ IP : ::1 ----------
REQUEST URI : /logic-invoice/upload/admin/index.php?load=billing/invoice&token=6ff26e81baa281e13fc95dd3b64d50d3
VQMod::_getMods - NO XML FILES READABLE IN XML FOLDER
----------------------------------------------------------------------


---------- Date: 2022-06-06 14:57:04 ~ IP : ::1 ----------
REQUEST URI : /logic-invoice/upload/admin/index.php?load=billing/invoice/form&token=6ff26e81baa281e13fc95dd3b64d50d3&invoice_id=1
VQMod::_getMods - NO XML FILES READABLE IN XML FOLDER
----------------------------------------------------------------------


---------- Date: 2022-06-06 14:57:08 ~ IP : ::1 ----------
REQUEST URI : /logic-invoice/upload/admin/index.php?load=billing/invoice/validate_step_1&token=6ff26e81baa281e13fc95dd3b64d50d3
VQMod::_getMods - NO XML FILES READABLE IN XML FOLDER
----------------------------------------------------------------------


---------- Date: 2022-06-06 14:57:21 ~ IP : ::1 ----------
REQUEST URI : /logic-invoice/upload/admin/index.php?load=billing/invoice/validate_step_1&token=6ff26e81baa281e13fc95dd3b64d50d3
VQMod::_getMods - NO XML FILES READABLE IN XML FOLDER
----------------------------------------------------------------------


---------- Date: 2022-06-06 14:57:23 ~ IP : ::1 ----------
REQUEST URI : /logic-invoice/upload/admin/index.php?load=billing/invoice/validate_step_3&token=6ff26e81baa281e13fc95dd3b64d50d3
VQMod::_getMods - NO XML FILES READABLE IN XML FOLDER
----------------------------------------------------------------------


---------- Date: 2022-06-06 14:57:25 ~ IP : ::1 ----------
REQUEST URI : /logic-invoice/upload/admin/index.php?load=billing/invoice/validate_step_4&token=6ff26e81baa281e13fc95dd3b64d50d3
VQMod::_getMods - NO XML FILES READABLE IN XML FOLDER
----------------------------------------------------------------------


---------- Date: 2022-06-06 14:57:26 ~ IP : ::1 ----------
REQUEST URI : /logic-invoice/upload/admin/index.php?load=billing/invoice/form&token=6ff26e81baa281e13fc95dd3b64d50d3&invoice_id=1
VQMod::_getMods - NO XML FILES READABLE IN XML FOLDER
----------------------------------------------------------------------


---------- Date: 2022-06-06 14:57:26 ~ IP : ::1 ----------
REQUEST URI : /logic-invoice/upload/admin/index.php?load=billing/invoice&token=6ff26e81baa281e13fc95dd3b64d50d3&invoice_id=1
VQMod::_getMods - NO XML FILES READABLE IN XML FOLDER
----------------------------------------------------------------------


---------- Date: 2022-06-06 14:57:37 ~ IP : ::1 ----------
REQUEST URI : /logic-invoice/upload/admin/index.php?load=billing/invoice/transaction&token=6ff26e81baa281e13fc95dd3b64d50d3
VQMod::_getMods - NO XML FILES READABLE IN XML FOLDER
----------------------------------------------------------------------


---------- Date: 2022-06-06 14:57:37 ~ IP : ::1 ----------
REQUEST URI : /logic-invoice/upload/admin/index.php?load=billing/invoice&token=6ff26e81baa281e13fc95dd3b64d50d3
VQMod::_getMods - NO XML FILES READABLE IN XML FOLDER
----------------------------------------------------------------------


---------- Date: 2022-06-06 14:57:44 ~ IP : ::1 ----------
REQUEST URI : /logic-invoice/upload/admin/index.php?load=billing/invoice&token=6ff26e81baa281e13fc95dd3b64d50d3
VQMod::_getMods - NO XML FILES READABLE IN XML FOLDER
----------------------------------------------------------------------


---------- Date: 2022-06-06 14:57:46 ~ IP : ::1 ----------
REQUEST URI : /logic-invoice/upload/admin/index.php?load=accounting/inventory&token=6ff26e81baa281e13fc95dd3b64d50d3
VQMod::_getMods - NO XML FILES READABLE IN XML FOLDER
----------------------------------------------------------------------


---------- Date: 2022-06-06 14:57:50 ~ IP : ::1 ----------
REQUEST URI : /logic-invoice/upload/admin/index.php?load=billing/invoice&token=6ff26e81baa281e13fc95dd3b64d50d3
VQMod::_getMods - NO XML FILES READABLE IN XML FOLDER
----------------------------------------------------------------------


